<?xml version="1.0" encoding="UTF-8"?>
<!-- Generated by org.testng.reporters.JUnitReportReporter -->
<testsuite hostname="IBM588-PC09G5AD" name="com.training.sanity.tests.Testcase1" tests="1" failures="0" timestamp="13 Jun 2019 06:23:17 GMT" time="5.580" errors="0">
  <testcase name="validLoginTest" time="5.580" classname="com.training.sanity.tests.Testcase1"/>
</testsuite> <!-- com.training.sanity.tests.Testcase1 -->
