<?xml version="1.0" encoding="UTF-8"?>
<!-- Generated by org.testng.reporters.JUnitReportReporter -->
<testsuite hostname="IBM588-PC09G5AD" name="com.training.sanity.tests.Testcase3" tests="1" failures="0" timestamp="26 Jun 2019 07:06:56 GMT" time="5.322" errors="0">
  <testcase name="validLoginTest" time="5.322" classname="com.training.sanity.tests.Testcase3"/>
</testsuite> <!-- com.training.sanity.tests.Testcase3 -->
