<?xml version="1.0" encoding="UTF-8"?>
<!-- Generated by org.testng.reporters.JUnitReportReporter -->
<testsuite hostname="IBM588-PC09G5AD" name="com.training.sanity.tests.Testcase_Med1" tests="1" failures="0" timestamp="24 Jun 2019 07:52:55 GMT" time="9.602" errors="0">
  <testcase name="validLoginTest" time="9.602" classname="com.training.sanity.tests.Testcase_Med1"/>
</testsuite> <!-- com.training.sanity.tests.Testcase_Med1 -->
