<?xml version="1.0" encoding="UTF-8"?>
<!-- Generated by org.testng.reporters.JUnitReportReporter -->
<testsuite hostname="DESKTOP-J5R1FDI" name="com.training.sanity.tests.Testcase_Med2" tests="1" failures="0" timestamp="1 Jul 2019 07:12:42 GMT" time="17.149" errors="0">
  <testcase name="validLoginTest" time="17.149" classname="com.training.sanity.tests.Testcase_Med2"/>
</testsuite> <!-- com.training.sanity.tests.Testcase_Med2 -->
