<?xml version="1.0" encoding="UTF-8"?>
<!-- Generated by org.testng.reporters.JUnitReportReporter -->
<testsuite hostname="IBM588-PC09G5AD" name="com.training.sanity.tests.Testcase3" tests="1" failures="0" timestamp="19 Jun 2019 06:26:51 GMT" time="5.265" errors="0">
  <testcase name="validLoginTest" time="5.265" classname="com.training.sanity.tests.Testcase3"/>
</testsuite> <!-- com.training.sanity.tests.Testcase3 -->
