<?xml version="1.0" encoding="UTF-8"?>
<!-- Generated by org.testng.reporters.JUnitReportReporter -->
<testsuite hostname="DESKTOP-J5R1FDI" name="com.training.regression.tests.LoginExcelTest_Complex2_and_3" tests="4" failures="0" timestamp="2 Aug 2019 13:07:18 GMT" time="132.015" errors="0">
  <testcase name="loginDBTest" time="39.913" classname="com.training.regression.tests.LoginExcelTest_Complex2_and_3"/>
  <testcase name="loginDBTest" time="41.887" classname="com.training.regression.tests.LoginExcelTest_Complex2_and_3"/>
  <testcase name="loginDBTest" time="21.688" classname="com.training.regression.tests.LoginExcelTest_Complex2_and_3"/>
  <testcase name="loginDBTest" time="28.527" classname="com.training.regression.tests.LoginExcelTest_Complex2_and_3"/>
</testsuite> <!-- com.training.regression.tests.LoginExcelTest_Complex2_and_3 -->
