<?xml version="1.0" encoding="UTF-8"?>
<!-- Generated by org.testng.reporters.JUnitReportReporter -->
<testsuite hostname="DESKTOP-J5R1FDI" name="com.training.sanity.tests.Testcase_Med3_1" tests="1" failures="0" timestamp="2 Aug 2019 14:16:38 GMT" time="24.149" errors="0">
  <testcase name="validLoginTest" time="24.149" classname="com.training.sanity.tests.Testcase_Med3_1"/>
</testsuite> <!-- com.training.sanity.tests.Testcase_Med3_1 -->
