<?xml version="1.0" encoding="UTF-8"?>
<!-- Generated by org.testng.reporters.JUnitReportReporter -->
<testsuite hostname="DESKTOP-J5R1FDI" name="com.training.sanity.tests.Testcase_Med3_1" tests="1" failures="0" timestamp="15 Jul 2019 14:32:00 GMT" time="14.933" errors="0">
  <testcase name="validLoginTest" time="14.933" classname="com.training.sanity.tests.Testcase_Med3_1"/>
</testsuite> <!-- com.training.sanity.tests.Testcase_Med3_1 -->
