<?xml version="1.0" encoding="UTF-8"?>
<!-- Generated by org.testng.reporters.JUnitReportReporter -->
<testsuite hostname="DESKTOP-J5R1FDI" name="com.training.sanity.tests.Testcase_Med3_2" tests="1" failures="0" timestamp="15 Jul 2019 14:29:08 GMT" time="11.041" errors="0">
  <testcase name="validLoginAdmin" time="11.041" classname="com.training.sanity.tests.Testcase_Med3_2"/>
</testsuite> <!-- com.training.sanity.tests.Testcase_Med3_2 -->
