<?xml version="1.0" encoding="UTF-8"?>
<!-- Generated by org.testng.reporters.JUnitReportReporter -->
<testsuite hostname="IBM588-PC09G5AD" name="com.training.sanity.tests.Testcase_Med2" tests="1" failures="0" timestamp="26 Jun 2019 07:18:34 GMT" time="8.579" errors="0">
  <testcase name="validLoginTest" time="8.579" classname="com.training.sanity.tests.Testcase_Med2"/>
</testsuite> <!-- com.training.sanity.tests.Testcase_Med2 -->
