<?xml version="1.0" encoding="UTF-8"?>
<!-- Generated by org.testng.reporters.JUnitReportReporter -->
<testsuite hostname="IBM588-PC09G5AD" name="com.training.sanity.tests.Testcase2" tests="1" failures="0" timestamp="17 Jun 2019 07:16:17 GMT" time="3.126" errors="0">
  <testcase name="validLoginTest" time="3.126" classname="com.training.sanity.tests.Testcase2"/>
</testsuite> <!-- com.training.sanity.tests.Testcase2 -->
